<?xml version="1.0" encoding="UTF-8"?>
<testsuite xmlns:xsi="http://www.w3.org/2001/XMLSchema-instance" xsi:noNamespaceSchemaLocation="https://maven.apache.org/surefire/maven-surefire-plugin/xsd/surefire-test-report-3.0.xsd" version="3.0" name="ai.niriksha.sdk.ToolCallTest" time="0.025" tests="8" errors="0" skipped="0" failures="0">
  <properties>
[...]
</properties>
  <testcase name="inputIsOptional" classname="ai.niriksha.sdk.ToolCallTest" time="0.009"/>
  <testcase name="blankToolNameThrows" classname="ai.niriksha.sdk.ToolCallTest" time="0.001"/>
  <testcase name="blankCallIdThrows" classname="ai.niriksha.sdk.ToolCallTest" time="0.001"/>
  <testcase name="nullCallIdThrows" classname="ai.niriksha.sdk.ToolCallTest" time="0.001"/>
  <testcase name="outputIsOptional" classname="ai.niriksha.sdk.ToolCallTest" time="0.0"/>
  <testcase name="minimalBuild" classname="ai.niriksha.sdk.ToolCallTest" time="0.001"/>
  <testcase name="builderSetsAllFields" classname="ai.niriksha.sdk.ToolCallTest" time="0.0"/>
  <testcase name="nullToolNameThrows" classname="ai.niriksha.sdk.ToolCallTest" time="0.001"/>
</testsuite>